<?xml version="1.0" encoding="UTF-8"?>
<testsuite xmlns:xsi="http://www.w3.org/2001/XMLSchema-instance" xsi:noNamespaceSchemaLocation="https://maven.apache.org/surefire/maven-surefire-plugin/xsd/surefire-test-report.xsd" name="TestSuite" time="0.357" tests="35" errors="0" skipped="0" failures="0">
  <properties>
    <property name="sun.desktop" value="windows"/>
    <property name="awt.toolkit" value="sun.awt.windows.WToolkit"/>
    <property name="file.encoding.pkg" value="sun.io"/>
    <property name="java.specification.version" value="1.8"/>
    <property name="sun.cpu.isalist" value="amd64"/>
    <property name="sun.jnu.encoding" value="Cp1251"/>
    <property name="java.class.path" value="C:\Users\kusakin\IdeaProjects\TestApp\target\test-classes;C:\Users\kusakin\IdeaProjects\TestApp\target\classes;C:\Users\kusakin\.m2\repository\junit\junit\4.11\junit-4.11.jar;C:\Users\kusakin\.m2\repository\org\hamcrest\hamcrest-core\1.3\hamcrest-core-1.3.jar;C:\Users\kusakin\.m2\repository\com\h2database\h2\1.4.200\h2-1.4.200.jar;C:\Users\kusakin\.m2\repository\org\springframework\spring-test\4.3.7.RELEASE\spring-test-4.3.7.RELEASE.jar;C:\Users\kusakin\.m2\repository\org\springframework\data\spring-data-jpa\1.11.1.RELEASE\spring-data-jpa-1.11.1.RELEASE.jar;C:\Users\kusakin\.m2\repository\org\springframework\data\spring-data-commons\1.13.1.RELEASE\spring-data-commons-1.13.1.RELEASE.jar;C:\Users\kusakin\.m2\repository\org\springframework\spring-aop\4.3.7.RELEASE\spring-aop-4.3.7.RELEASE.jar;C:\Users\kusakin\.m2\repository\org\springframework\spring-tx\4.3.7.RELEASE\spring-tx-4.3.7.RELEASE.jar;C:\Users\kusakin\.m2\repository\org\aspectj\aspectjrt\1.8.10\aspectjrt-1.8.10.jar;C:\Users\kusakin\.m2\repository\org\slf4j\jcl-over-slf4j\1.7.24\jcl-over-slf4j-1.7.24.jar;C:\Users\kusakin\.m2\repository\javax\validation\validation-api\2.0.1.Final\validation-api-2.0.1.Final.jar;C:\Users\kusakin\.m2\repository\org\apache\tomcat\tomcat-jdbc\9.0.26\tomcat-jdbc-9.0.26.jar;C:\Users\kusakin\.m2\repository\org\apache\tomcat\tomcat-juli\9.0.26\tomcat-juli-9.0.26.jar;C:\Users\kusakin\.m2\repository\com\oracle\ojdbc14\10.2.0.4.0\ojdbc14-10.2.0.4.0.jar;C:\Users\kusakin\.m2\repository\javax\servlet\javax.servlet-api\4.0.1\javax.servlet-api-4.0.1.jar;C:\Users\kusakin\.m2\repository\org\dbunit\dbunit\2.4.9\dbunit-2.4.9.jar;C:\Users\kusakin\.m2\repository\commons-collections\commons-collections\3.2.1\commons-collections-3.2.1.jar;C:\Users\kusakin\.m2\repository\org\slf4j\slf4j-api\1.7.5\slf4j-api-1.7.5.jar;C:\Users\kusakin\.m2\repository\org\hibernate\javax\persistence\hibernate-jpa-2.0-api\1.0.1.Final\hibernate-jpa-2.0-api-1.0.1.Final.jar;C:\Users\kusakin\.m2\repository\org\springframework\spring-core\5.2.0.RELEASE\spring-core-5.2.0.RELEASE.jar;C:\Users\kusakin\.m2\repository\org\springframework\spring-jcl\5.2.0.RELEASE\spring-jcl-5.2.0.RELEASE.jar;C:\Users\kusakin\.m2\repository\org\springframework\spring-beans\5.2.0.RELEASE\spring-beans-5.2.0.RELEASE.jar;C:\Users\kusakin\.m2\repository\org\springframework\spring-jdbc\4.3.0.RELEASE\spring-jdbc-4.3.0.RELEASE.jar;C:\Users\kusakin\.m2\repository\org\springframework\spring-context\5.2.0.RELEASE\spring-context-5.2.0.RELEASE.jar;C:\Users\kusakin\.m2\repository\org\springframework\spring-expression\5.2.0.RELEASE\spring-expression-5.2.0.RELEASE.jar;C:\Users\kusakin\.m2\repository\org\springframework\spring-webmvc\5.2.0.RELEASE\spring-webmvc-5.2.0.RELEASE.jar;C:\Users\kusakin\.m2\repository\org\springframework\spring-web\5.2.0.RELEASE\spring-web-5.2.0.RELEASE.jar;C:\Users\kusakin\.m2\repository\org\freemarker\freemarker\2.3.29\freemarker-2.3.29.jar;C:\Users\kusakin\.m2\repository\org\springframework\spring-context-support\5.2.0.RELEASE\spring-context-support-5.2.0.RELEASE.jar;C:\Users\kusakin\.m2\repository\org\hibernate\hibernate-core\5.4.7.Final\hibernate-core-5.4.7.Final.jar;C:\Users\kusakin\.m2\repository\org\jboss\logging\jboss-logging\3.3.2.Final\jboss-logging-3.3.2.Final.jar;C:\Users\kusakin\.m2\repository\javax\persistence\javax.persistence-api\2.2\javax.persistence-api-2.2.jar;C:\Users\kusakin\.m2\repository\org\javassist\javassist\3.24.0-GA\javassist-3.24.0-GA.jar;C:\Users\kusakin\.m2\repository\net\bytebuddy\byte-buddy\1.10.2\byte-buddy-1.10.2.jar;C:\Users\kusakin\.m2\repository\antlr\antlr\2.7.7\antlr-2.7.7.jar;C:\Users\kusakin\.m2\repository\org\jboss\spec\javax\transaction\jboss-transaction-api_1.2_spec\1.1.1.Final\jboss-transaction-api_1.2_spec-1.1.1.Final.jar;C:\Users\kusakin\.m2\repository\org\jboss\jandex\2.0.5.Final\jandex-2.0.5.Final.jar;C:\Users\kusakin\.m2\repository\com\fasterxml\classmate\1.3.4\classmate-1.3.4.jar;C:\Users\kusakin\.m2\repository\javax\activation\javax.activation-api\1.2.0\javax.activation-api-1.2.0.jar;C:\Users\kusakin\.m2\repository\org\dom4j\dom4j\2.1.1\dom4j-2.1.1.jar;C:\Users\kusakin\.m2\repository\org\hibernate\common\hibernate-commons-annotations\5.1.0.Final\hibernate-commons-annotations-5.1.0.Final.jar;C:\Users\kusakin\.m2\repository\javax\xml\bind\jaxb-api\2.3.1\jaxb-api-2.3.1.jar;C:\Users\kusakin\.m2\repository\org\glassfish\jaxb\jaxb-runtime\2.3.1\jaxb-runtime-2.3.1.jar;C:\Users\kusakin\.m2\repository\org\glassfish\jaxb\txw2\2.3.1\txw2-2.3.1.jar;C:\Users\kusakin\.m2\repository\com\sun\istack\istack-commons-runtime\3.0.7\istack-commons-runtime-3.0.7.jar;C:\Users\kusakin\.m2\repository\org\jvnet\staxex\stax-ex\1.8\stax-ex-1.8.jar;C:\Users\kusakin\.m2\repository\com\sun\xml\fastinfoset\FastInfoset\1.2.15\FastInfoset-1.2.15.jar;C:\Users\kusakin\.m2\repository\org\hibernate\hibernate-entitymanager\5.4.7.Final\hibernate-entitymanager-5.4.7.Final.jar;C:\Users\kusakin\.m2\repository\org\hibernate\hibernate-validator\5.4.3.Final\hibernate-validator-5.4.3.Final.jar;C:\Users\kusakin\.m2\repository\org\testng\testng\7.0.0\testng-7.0.0.jar;C:\Users\kusakin\.m2\repository\com\beust\jcommander\1.72\jcommander-1.72.jar;C:\Users\kusakin\.m2\repository\org\springframework\spring-orm\5.1.9.RELEASE\spring-orm-5.1.9.RELEASE.jar;"/>
    <property name="java.vm.vendor" value="Oracle Corporation"/>
    <property name="sun.arch.data.model" value="64"/>
    <property name="user.variant" value=""/>
    <property name="java.vendor.url" value="http://java.oracle.com/"/>
    <property name="user.timezone" value="Asia/Yekaterinburg"/>
    <property name="java.vm.specification.version" value="1.8"/>
    <property name="os.name" value="Windows 10"/>
    <property name="user.country" value="RU"/>
    <property name="sun.java.launcher" value="SUN_STANDARD"/>
    <property name="sun.boot.library.path" value="C:\Program Files\Java\jdk1.8.0_221\jre\bin"/>
    <property name="sun.java.command" value="C:\Users\kusakin\AppData\Local\Temp\surefire3764089292390024820\surefirebooter767907733558476600.jar C:\Users\kusakin\AppData\Local\Temp\surefire3764089292390024820 2019-11-27T17-45-48_789-jvmRun1 surefire266524208020439114tmp surefire_07712036126539291947tmp"/>
    <property name="surefire.test.class.path" value="C:\Users\kusakin\IdeaProjects\TestApp\target\test-classes;C:\Users\kusakin\IdeaProjects\TestApp\target\classes;C:\Users\kusakin\.m2\repository\junit\junit\4.11\junit-4.11.jar;C:\Users\kusakin\.m2\repository\org\hamcrest\hamcrest-core\1.3\hamcrest-core-1.3.jar;C:\Users\kusakin\.m2\repository\com\h2database\h2\1.4.200\h2-1.4.200.jar;C:\Users\kusakin\.m2\repository\org\springframework\spring-test\4.3.7.RELEASE\spring-test-4.3.7.RELEASE.jar;C:\Users\kusakin\.m2\repository\org\springframework\data\spring-data-jpa\1.11.1.RELEASE\spring-data-jpa-1.11.1.RELEASE.jar;C:\Users\kusakin\.m2\repository\org\springframework\data\spring-data-commons\1.13.1.RELEASE\spring-data-commons-1.13.1.RELEASE.jar;C:\Users\kusakin\.m2\repository\org\springframework\spring-aop\4.3.7.RELEASE\spring-aop-4.3.7.RELEASE.jar;C:\Users\kusakin\.m2\repository\org\springframework\spring-tx\4.3.7.RELEASE\spring-tx-4.3.7.RELEASE.jar;C:\Users\kusakin\.m2\repository\org\aspectj\aspectjrt\1.8.10\aspectjrt-1.8.10.jar;C:\Users\kusakin\.m2\repository\org\slf4j\jcl-over-slf4j\1.7.24\jcl-over-slf4j-1.7.24.jar;C:\Users\kusakin\.m2\repository\javax\validation\validation-api\2.0.1.Final\validation-api-2.0.1.Final.jar;C:\Users\kusakin\.m2\repository\org\apache\tomcat\tomcat-jdbc\9.0.26\tomcat-jdbc-9.0.26.jar;C:\Users\kusakin\.m2\repository\org\apache\tomcat\tomcat-juli\9.0.26\tomcat-juli-9.0.26.jar;C:\Users\kusakin\.m2\repository\com\oracle\ojdbc14\10.2.0.4.0\ojdbc14-10.2.0.4.0.jar;C:\Users\kusakin\.m2\repository\javax\servlet\javax.servlet-api\4.0.1\javax.servlet-api-4.0.1.jar;C:\Users\kusakin\.m2\repository\org\dbunit\dbunit\2.4.9\dbunit-2.4.9.jar;C:\Users\kusakin\.m2\repository\commons-collections\commons-collections\3.2.1\commons-collections-3.2.1.jar;C:\Users\kusakin\.m2\repository\org\slf4j\slf4j-api\1.7.5\slf4j-api-1.7.5.jar;C:\Users\kusakin\.m2\repository\org\hibernate\javax\persistence\hibernate-jpa-2.0-api\1.0.1.Final\hibernate-jpa-2.0-api-1.0.1.Final.jar;C:\Users\kusakin\.m2\repository\org\springframework\spring-core\5.2.0.RELEASE\spring-core-5.2.0.RELEASE.jar;C:\Users\kusakin\.m2\repository\org\springframework\spring-jcl\5.2.0.RELEASE\spring-jcl-5.2.0.RELEASE.jar;C:\Users\kusakin\.m2\repository\org\springframework\spring-beans\5.2.0.RELEASE\spring-beans-5.2.0.RELEASE.jar;C:\Users\kusakin\.m2\repository\org\springframework\spring-jdbc\4.3.0.RELEASE\spring-jdbc-4.3.0.RELEASE.jar;C:\Users\kusakin\.m2\repository\org\springframework\spring-context\5.2.0.RELEASE\spring-context-5.2.0.RELEASE.jar;C:\Users\kusakin\.m2\repository\org\springframework\spring-expression\5.2.0.RELEASE\spring-expression-5.2.0.RELEASE.jar;C:\Users\kusakin\.m2\repository\org\springframework\spring-webmvc\5.2.0.RELEASE\spring-webmvc-5.2.0.RELEASE.jar;C:\Users\kusakin\.m2\repository\org\springframework\spring-web\5.2.0.RELEASE\spring-web-5.2.0.RELEASE.jar;C:\Users\kusakin\.m2\repository\org\freemarker\freemarker\2.3.29\freemarker-2.3.29.jar;C:\Users\kusakin\.m2\repository\org\springframework\spring-context-support\5.2.0.RELEASE\spring-context-support-5.2.0.RELEASE.jar;C:\Users\kusakin\.m2\repository\org\hibernate\hibernate-core\5.4.7.Final\hibernate-core-5.4.7.Final.jar;C:\Users\kusakin\.m2\repository\org\jboss\logging\jboss-logging\3.3.2.Final\jboss-logging-3.3.2.Final.jar;C:\Users\kusakin\.m2\repository\javax\persistence\javax.persistence-api\2.2\javax.persistence-api-2.2.jar;C:\Users\kusakin\.m2\repository\org\javassist\javassist\3.24.0-GA\javassist-3.24.0-GA.jar;C:\Users\kusakin\.m2\repository\net\bytebuddy\byte-buddy\1.10.2\byte-buddy-1.10.2.jar;C:\Users\kusakin\.m2\repository\antlr\antlr\2.7.7\antlr-2.7.7.jar;C:\Users\kusakin\.m2\repository\org\jboss\spec\javax\transaction\jboss-transaction-api_1.2_spec\1.1.1.Final\jboss-transaction-api_1.2_spec-1.1.1.Final.jar;C:\Users\kusakin\.m2\repository\org\jboss\jandex\2.0.5.Final\jandex-2.0.5.Final.jar;C:\Users\kusakin\.m2\repository\com\fasterxml\classmate\1.3.4\classmate-1.3.4.jar;C:\Users\kusakin\.m2\repository\javax\activation\javax.activation-api\1.2.0\javax.activation-api-1.2.0.jar;C:\Users\kusakin\.m2\repository\org\dom4j\dom4j\2.1.1\dom4j-2.1.1.jar;C:\Users\kusakin\.m2\repository\org\hibernate\common\hibernate-commons-annotations\5.1.0.Final\hibernate-commons-annotations-5.1.0.Final.jar;C:\Users\kusakin\.m2\repository\javax\xml\bind\jaxb-api\2.3.1\jaxb-api-2.3.1.jar;C:\Users\kusakin\.m2\repository\org\glassfish\jaxb\jaxb-runtime\2.3.1\jaxb-runtime-2.3.1.jar;C:\Users\kusakin\.m2\repository\org\glassfish\jaxb\txw2\2.3.1\txw2-2.3.1.jar;C:\Users\kusakin\.m2\repository\com\sun\istack\istack-commons-runtime\3.0.7\istack-commons-runtime-3.0.7.jar;C:\Users\kusakin\.m2\repository\org\jvnet\staxex\stax-ex\1.8\stax-ex-1.8.jar;C:\Users\kusakin\.m2\repository\com\sun\xml\fastinfoset\FastInfoset\1.2.15\FastInfoset-1.2.15.jar;C:\Users\kusakin\.m2\repository\org\hibernate\hibernate-entitymanager\5.4.7.Final\hibernate-entitymanager-5.4.7.Final.jar;C:\Users\kusakin\.m2\repository\org\hibernate\hibernate-validator\5.4.3.Final\hibernate-validator-5.4.3.Final.jar;C:\Users\kusakin\.m2\repository\org\testng\testng\7.0.0\testng-7.0.0.jar;C:\Users\kusakin\.m2\repository\com\beust\jcommander\1.72\jcommander-1.72.jar;C:\Users\kusakin\.m2\repository\org\springframework\spring-orm\5.1.9.RELEASE\spring-orm-5.1.9.RELEASE.jar;"/>
    <property name="sun.cpu.endian" value="little"/>
    <property name="user.home" value="C:\Users\kusakin"/>
    <property name="user.language" value="ru"/>
    <property name="java.specification.vendor" value="Oracle Corporation"/>
    <property name="java.home" value="C:\Program Files\Java\jdk1.8.0_221\jre"/>
    <property name="basedir" value="C:\Users\kusakin\IdeaProjects\TestApp"/>
    <property name="file.separator" value="\"/>
    <property name="line.separator" value="&#10;"/>
    <property name="java.vm.specification.vendor" value="Oracle Corporation"/>
    <property name="java.specification.name" value="Java Platform API Specification"/>
    <property name="java.awt.graphicsenv" value="sun.awt.Win32GraphicsEnvironment"/>
    <property name="surefire.real.class.path" value="C:\Users\kusakin\AppData\Local\Temp\surefire3764089292390024820\surefirebooter767907733558476600.jar"/>
    <property name="sun.boot.class.path" value="C:\Program Files\Java\jdk1.8.0_221\jre\lib\resources.jar;C:\Program Files\Java\jdk1.8.0_221\jre\lib\rt.jar;C:\Program Files\Java\jdk1.8.0_221\jre\lib\sunrsasign.jar;C:\Program Files\Java\jdk1.8.0_221\jre\lib\jsse.jar;C:\Program Files\Java\jdk1.8.0_221\jre\lib\jce.jar;C:\Program Files\Java\jdk1.8.0_221\jre\lib\charsets.jar;C:\Program Files\Java\jdk1.8.0_221\jre\lib\jfr.jar;C:\Program Files\Java\jdk1.8.0_221\jre\classes"/>
    <property name="user.script" value=""/>
    <property name="sun.management.compiler" value="HotSpot 64-Bit Tiered Compilers"/>
    <property name="java.runtime.version" value="1.8.0_221-b11"/>
    <property name="user.name" value="kusakin"/>
    <property name="path.separator" value=";"/>
    <property name="os.version" value="10.0"/>
    <property name="java.endorsed.dirs" value="C:\Program Files\Java\jdk1.8.0_221\jre\lib\endorsed"/>
    <property name="java.runtime.name" value="Java(TM) SE Runtime Environment"/>
    <property name="file.encoding" value="Cp1251"/>
    <property name="java.vm.name" value="Java HotSpot(TM) 64-Bit Server VM"/>
    <property name="localRepository" value="C:\Users\kusakin\.m2\repository"/>
    <property name="java.vendor.url.bug" value="http://bugreport.sun.com/bugreport/"/>
    <property name="java.io.tmpdir" value="C:\Users\kusakin\AppData\Local\Temp\"/>
    <property name="java.version" value="1.8.0_221"/>
    <property name="user.dir" value="C:\Users\kusakin\IdeaProjects\TestApp"/>
    <property name="os.arch" value="amd64"/>
    <property name="java.vm.specification.name" value="Java Virtual Machine Specification"/>
    <property name="java.awt.printerjob" value="sun.awt.windows.WPrinterJob"/>
    <property name="sun.os.patch.level" value=""/>
    <property name="java.library.path" value="C:\Program Files\Java\jdk1.8.0_221\jre\bin;C:\WINDOWS\Sun\Java\bin;C:\WINDOWS\system32;C:\WINDOWS;C:\Program Files (x86)\Common Files\Oracle\Java\javapath;C:\Program Files\Java\jdk1.8.0_221\bin;C:\Program Files\nodejs\;C:\Windows\System32;C:\Users\kusakin\AppData\Local\Programs\Python\Python37-32\Scripts\;C:\Users\kusakin\AppData\Local\Programs\Python\Python37-32\;C:\Users\kusakin\AppData\Local\Microsoft\WindowsApps;C:\Users\kusakin\AppData\Local\GitHubDesktop\bin;C:\Program Files\JetBrains\IntelliJ IDEA Community Edition 2019.2.2\bin;;C:\Users\kusakin\AppData\Roaming\npm;."/>
    <property name="java.vm.info" value="mixed mode"/>
    <property name="java.vendor" value="Oracle Corporation"/>
    <property name="java.vm.version" value="25.221-b11"/>
    <property name="idea.version2019.3" value="true"/>
    <property name="java.ext.dirs" value="C:\Program Files\Java\jdk1.8.0_221\jre\lib\ext;C:\WINDOWS\Sun\Java\lib\ext"/>
    <property name="sun.io.unicode.encoding" value="UnicodeLittle"/>
    <property name="java.class.version" value="52.0"/>
  </properties>
  <testcase name="getSession on getSession(dao.PersonCarDaoImplTest)" classname="dao.PersonCarDaoImplTest" time="0.001"/>
  <testcase name="getStatistics on getStatistics(dao.PersonCarDaoImplTest)" classname="dao.PersonCarDaoImplTest" time="0"/>
  <testcase name="clear on clear(dao.PersonCarDaoImplTest)" classname="dao.PersonCarDaoImplTest" time="0"/>
  <testcase name="savePerson on savePerson(dao.PersonCarDaoImplTest)" classname="dao.PersonCarDaoImplTest" time="0.001"/>
  <testcase name="showPersonsCars on showPersonsCars(dao.PersonCarDaoImplTest)" classname="dao.PersonCarDaoImplTest" time="0"/>
  <testcase name="saveCar on saveCar(dao.PersonCarDaoImplTest)" classname="dao.PersonCarDaoImplTest" time="0"/>
  <testcase name="setPersonByPersonId on setPersonByPersonId(entities.CarTest)" classname="entities.CarTest" time="0"/>
  <testcase name="getPersonByPersonId on getPersonByPersonId(entities.CarTest)" classname="entities.CarTest" time="0"/>
  <testcase name="getId on getId(entities.CarTest)" classname="entities.CarTest" time="0"/>
  <testcase name="setId on setId(entities.CarTest)" classname="entities.CarTest" time="0"/>
  <testcase name="obtainVendor on obtainVendor(entities.CarTest)" classname="entities.CarTest" time="0"/>
  <testcase name="getHorsepower on getHorsepower(entities.CarTest)" classname="entities.CarTest" time="0"/>
  <testcase name="testHashCode on testHashCode(entities.CarTest)" classname="entities.CarTest" time="0"/>
  <testcase name="testEquals on testEquals(entities.CarTest)" classname="entities.CarTest" time="0"/>
  <testcase name="setModel on setModel(entities.CarTest)" classname="entities.CarTest" time="0"/>
  <testcase name="setHorsepower on setHorsepower(entities.CarTest)" classname="entities.CarTest" time="0"/>
  <testcase name="getModel on getModel(entities.CarTest)" classname="entities.CarTest" time="0"/>
  <testcase name="getBirthDate on getBirthDate(entities.PersonTest)" classname="entities.PersonTest" time="0"/>
  <testcase name="getName on getName(entities.PersonTest)" classname="entities.PersonTest" time="0"/>
  <testcase name="getId on getId(entities.PersonTest)" classname="entities.PersonTest" time="0"/>
  <testcase name="setId on setId(entities.PersonTest)" classname="entities.PersonTest" time="0.001"/>
  <testcase name="setBirthDate on setBirthDate(entities.PersonTest)" classname="entities.PersonTest" time="0"/>
  <testcase name="testHashCode on testHashCode(entities.PersonTest)" classname="entities.PersonTest" time="0"/>
  <testcase name="testEquals on testEquals(entities.PersonTest)" classname="entities.PersonTest" time="0"/>
  <testcase name="setName on setName(entities.PersonTest)" classname="entities.PersonTest" time="0"/>
  <testcase name="getPersonsCars on getPersonsCars(entities.PersonWithCarsTest)" classname="entities.PersonWithCarsTest" time="0"/>
  <testcase name="setPerson on setPerson(entities.PersonWithCarsTest)" classname="entities.PersonWithCarsTest" time="0"/>
  <testcase name="getPerson on getPerson(entities.PersonWithCarsTest)" classname="entities.PersonWithCarsTest" time="0"/>
  <testcase name="setPersonsCars on setPersonsCars(entities.PersonWithCarsTest)" classname="entities.PersonWithCarsTest" time="0"/>
  <testcase name="setUniquevendorcount on setUniquevendorcount(entities.StatisticsTest)" classname="entities.StatisticsTest" time="0"/>
  <testcase name="getUniquevendorcount on getUniquevendorcount(entities.StatisticsTest)" classname="entities.StatisticsTest" time="0"/>
  <testcase name="getPersoncount on getPersoncount(entities.StatisticsTest)" classname="entities.StatisticsTest" time="0"/>
  <testcase name="setPersoncount on setPersoncount(entities.StatisticsTest)" classname="entities.StatisticsTest" time="0"/>
  <testcase name="setCarcount on setCarcount(entities.StatisticsTest)" classname="entities.StatisticsTest" time="0"/>
  <testcase name="getCarcount on getCarcount(entities.StatisticsTest)" classname="entities.StatisticsTest" time="0"/>
</testsuite>