<?xml version="1.0" encoding="UTF-8"?>
<!-- Generated by org.testng.reporters.JUnitReportReporter -->
<testsuite skipped="0" hostname="PERMYAKOVA" name="dao.PersonCarDaoImplTest" tests="6" failures="0" timestamp="2019-11-27T17:45:49 YEKT" time="0.037" errors="0">
  <testcase name="getSession" time="0.006" classname="dao.PersonCarDaoImplTest"/>
  <testcase name="clear" time="0.005" classname="dao.PersonCarDaoImplTest"/>
  <testcase name="saveCar" time="0.007" classname="dao.PersonCarDaoImplTest"/>
  <testcase name="savePerson" time="0.007" classname="dao.PersonCarDaoImplTest"/>
  <testcase name="showPersonsCars" time="0.007" classname="dao.PersonCarDaoImplTest"/>
  <testcase name="getStatistics" time="0.005" classname="dao.PersonCarDaoImplTest"/>
</testsuite> <!-- dao.PersonCarDaoImplTest -->
