<?xml version="1.0" encoding="UTF-8"?>
<!-- Generated by org.testng.reporters.JUnitReportReporter -->
<testsuite skipped="0" hostname="PERMYAKOVA" name="dao.PersonCarDaoImplTest" tests="6" failures="0" timestamp="2019-11-28T16:51:44 YEKT" time="16.088" errors="0">
  <testcase name="testSavePerson" time="2.697" classname="dao.PersonCarDaoImplTest"/>
  <testcase name="clear" time="2.659" classname="dao.PersonCarDaoImplTest"/>
  <testcase name="testSaveCar" time="2.713" classname="dao.PersonCarDaoImplTest"/>
  <testcase name="getSession" time="2.647" classname="dao.PersonCarDaoImplTest"/>
  <testcase name="showPersonsCars" time="2.713" classname="dao.PersonCarDaoImplTest"/>
  <testcase name="getStatistics" time="2.659" classname="dao.PersonCarDaoImplTest"/>
</testsuite> <!-- dao.PersonCarDaoImplTest -->
