<?xml version="1.0" encoding="UTF-8"?>
<!-- Generated by org.testng.reporters.JUnitReportReporter -->
<testsuite skipped="0" hostname="PERMYAKOVA" name="entities.PersonWithCarsTest" tests="4" failures="0" timestamp="2019-11-28T16:30:40 YEKT" time="0.000" errors="0">
  <testcase name="setPersonsCars" time="0.000" classname="entities.PersonWithCarsTest"/>
  <testcase name="getPerson" time="0.000" classname="entities.PersonWithCarsTest"/>
  <testcase name="setPerson" time="0.000" classname="entities.PersonWithCarsTest"/>
  <testcase name="getPersonsCars" time="0.000" classname="entities.PersonWithCarsTest"/>
</testsuite> <!-- entities.PersonWithCarsTest -->
