<?xml version="1.0" encoding="UTF-8"?>
<!-- Generated by org.testng.reporters.JUnitReportReporter -->
<testsuite skipped="0" hostname="PERMYAKOVA" name="dao.PersonCarDaoImplTest" tests="6" failures="0" timestamp="2019-11-28T18:39:50 YEKT" time="15.550" errors="0">
  <testcase name="getSession" time="2.562" classname="dao.PersonCarDaoImplTest"/>
  <testcase name="testSaveCar" time="2.619" classname="dao.PersonCarDaoImplTest"/>
  <testcase name="testSavePerson" time="2.611" classname="dao.PersonCarDaoImplTest"/>
  <testcase name="clear" time="2.571" classname="dao.PersonCarDaoImplTest"/>
  <testcase name="showPersonsCars" time="2.622" classname="dao.PersonCarDaoImplTest"/>
  <testcase name="getStatistics" time="2.565" classname="dao.PersonCarDaoImplTest"/>
</testsuite> <!-- dao.PersonCarDaoImplTest -->
