<?xml version="1.0" encoding="UTF-8"?>
<!-- Generated by org.testng.reporters.JUnitReportReporter -->
<testsuite skipped="0" hostname="PERMYAKOVA" name="entities.PersonTest" tests="8" failures="0" timestamp="2019-11-27T17:45:49 YEKT" time="0.011" errors="0">
  <testcase name="getId" time="0.001" classname="entities.PersonTest"/>
  <testcase name="getName" time="0.001" classname="entities.PersonTest"/>
  <testcase name="setId" time="0.001" classname="entities.PersonTest"/>
  <testcase name="getBirthDate" time="0.001" classname="entities.PersonTest"/>
  <testcase name="testHashCode" time="0.002" classname="entities.PersonTest"/>
  <testcase name="setName" time="0.001" classname="entities.PersonTest"/>
  <testcase name="testEquals" time="0.002" classname="entities.PersonTest"/>
  <testcase name="setBirthDate" time="0.002" classname="entities.PersonTest"/>
</testsuite> <!-- entities.PersonTest -->
