<?xml version="1.0" encoding="UTF-8"?>
<!-- Generated by org.testng.reporters.JUnitReportReporter -->
<testsuite skipped="0" hostname="PERMYAKOVA" name="dao.PersonCarDaoImplTest" tests="6" failures="0" timestamp="2019-11-28T16:30:04 YEKT" time="16.091" errors="0">
  <testcase name="getStatistics" time="2.664" classname="dao.PersonCarDaoImplTest"/>
  <testcase name="showPersonsCars" time="2.710" classname="dao.PersonCarDaoImplTest"/>
  <testcase name="getSession" time="2.664" classname="dao.PersonCarDaoImplTest"/>
  <testcase name="clear" time="2.648" classname="dao.PersonCarDaoImplTest"/>
  <testcase name="testSaveCar" time="2.710" classname="dao.PersonCarDaoImplTest"/>
  <testcase name="testSavePerson" time="2.695" classname="dao.PersonCarDaoImplTest"/>
</testsuite> <!-- dao.PersonCarDaoImplTest -->
