<?xml version="1.0" encoding="UTF-8"?>
<!-- Generated by org.testng.reporters.JUnitReportReporter -->
<testsuite skipped="0" hostname="PERMYAKOVA" name="entities.CarTest" tests="11" failures="0" timestamp="2019-11-28T16:30:40 YEKT" time="0.144" errors="0">
  <testcase name="setHorsepower" time="0.016" classname="entities.CarTest"/>
  <testcase name="testEquals" time="0.016" classname="entities.CarTest"/>
  <testcase name="setModel" time="0.016" classname="entities.CarTest"/>
  <testcase name="getHorsepower" time="0.016" classname="entities.CarTest"/>
  <testcase name="testHashCode" time="0.016" classname="entities.CarTest"/>
  <testcase name="getPersonByPersonId" time="0.000" classname="entities.CarTest"/>
  <testcase name="setPersonByPersonId" time="0.000" classname="entities.CarTest"/>
  <testcase name="obtainVendor" time="0.016" classname="entities.CarTest"/>
  <testcase name="setId" time="0.016" classname="entities.CarTest"/>
  <testcase name="getModel" time="0.016" classname="entities.CarTest"/>
  <testcase name="getId" time="0.016" classname="entities.CarTest"/>
</testsuite> <!-- entities.CarTest -->
