<?xml version="1.0" encoding="UTF-8"?>
<!-- Generated by org.testng.reporters.JUnitReportReporter -->
<testsuite skipped="0" hostname="PERMYAKOVA" name="entities.StatisticsTest" tests="6" failures="0" timestamp="2019-11-28T18:39:50 YEKT" time="0.006" errors="0">
  <testcase name="getPersoncount" time="0.001" classname="entities.StatisticsTest"/>
  <testcase name="getUniquevendorcount" time="0.001" classname="entities.StatisticsTest"/>
  <testcase name="setPersoncount" time="0.001" classname="entities.StatisticsTest"/>
  <testcase name="getCarcount" time="0.001" classname="entities.StatisticsTest"/>
  <testcase name="setCarcount" time="0.001" classname="entities.StatisticsTest"/>
  <testcase name="setUniquevendorcount" time="0.001" classname="entities.StatisticsTest"/>
</testsuite> <!-- entities.StatisticsTest -->
